26 Feb 2025 11:33:34,798 INFO com.sismics.util.jpa.EMF.getEntityManagerProperties(EMF.java:67) Configuring EntityManager from hibernate.properties 
26 Feb 2025 11:33:36,077 INFO com.sismics.util.jpa.DbOpenHelper.open(DbOpenHelper.java:57) Opening database and executing incremental updates 
26 Feb 2025 11:33:36,079 INFO com.sismics.util.jpa.DbOpenHelper.open(DbOpenHelper.java:83) Unable to get database version: Table T_CONFIG not found 
26 Feb 2025 11:33:36,080 INFO com.sismics.util.jpa.DbOpenHelper.open(DbOpenHelper.java:98) Executing initial schema creation script 
26 Feb 2025 11:33:36,088 INFO com.sismics.util.jpa.DbOpenHelper.executeAllScript(DbOpenHelper.java:142) Executing script: dbupdate-000-0.sql 
26 Feb 2025 11:33:36,222 INFO com.sismics.util.jpa.DbOpenHelper.executeAllScript(DbOpenHelper.java:142) Executing script: dbupdate-000-1.sql 
26 Feb 2025 11:33:36,234 INFO com.sismics.util.jpa.DbOpenHelper.open(DbOpenHelper.java:106) Found database version 0, new version is 31, executing database incremental update scripts 
26 Feb 2025 11:33:36,237 INFO com.sismics.util.jpa.DbOpenHelper.executeAllScript(DbOpenHelper.java:142) Executing script: dbupdate-001-0.sql 
26 Feb 2025 11:33:36,288 INFO com.sismics.util.jpa.DbOpenHelper.executeAllScript(DbOpenHelper.java:142) Executing script: dbupdate-002-0.sql 
26 Feb 2025 11:33:36,302 INFO com.sismics.util.jpa.DbOpenHelper.executeAllScript(DbOpenHelper.java:142) Executing script: dbupdate-003-0.sql 
26 Feb 2025 11:33:36,315 INFO com.sismics.util.jpa.DbOpenHelper.executeAllScript(DbOpenHelper.java:142) Executing script: dbupdate-004-0.sql 
26 Feb 2025 11:33:36,351 INFO com.sismics.util.jpa.DbOpenHelper.executeAllScript(DbOpenHelper.java:142) Executing script: dbupdate-005-0.sql 
26 Feb 2025 11:33:36,357 INFO com.sismics.util.jpa.DbOpenHelper.executeAllScript(DbOpenHelper.java:142) Executing script: dbupdate-006-0.sql 
26 Feb 2025 11:33:36,699 INFO com.sismics.util.jpa.DbOpenHelper.executeAllScript(DbOpenHelper.java:142) Executing script: dbupdate-007-0.sql 
26 Feb 2025 11:33:36,707 INFO com.sismics.util.jpa.DbOpenHelper.executeAllScript(DbOpenHelper.java:142) Executing script: dbupdate-008-0.sql 
26 Feb 2025 11:33:36,718 INFO com.sismics.util.jpa.DbOpenHelper.executeAllScript(DbOpenHelper.java:142) Executing script: dbupdate-009-0.sql 
26 Feb 2025 11:33:36,730 INFO com.sismics.util.jpa.DbOpenHelper.executeAllScript(DbOpenHelper.java:142) Executing script: dbupdate-010-0.sql 
26 Feb 2025 11:33:36,737 INFO com.sismics.util.jpa.DbOpenHelper.executeAllScript(DbOpenHelper.java:142) Executing script: dbupdate-011-0.sql 
26 Feb 2025 11:33:36,760 INFO com.sismics.util.jpa.DbOpenHelper.executeAllScript(DbOpenHelper.java:142) Executing script: dbupdate-012-0.sql 
26 Feb 2025 11:33:36,777 INFO com.sismics.util.jpa.DbOpenHelper.executeAllScript(DbOpenHelper.java:142) Executing script: dbupdate-013-0.sql 
26 Feb 2025 11:33:36,783 INFO com.sismics.util.jpa.DbOpenHelper.executeAllScript(DbOpenHelper.java:142) Executing script: dbupdate-014-0.sql 
26 Feb 2025 11:33:36,795 INFO com.sismics.util.jpa.DbOpenHelper.executeAllScript(DbOpenHelper.java:142) Executing script: dbupdate-015-0.sql 
26 Feb 2025 11:33:36,814 INFO com.sismics.util.jpa.DbOpenHelper.executeAllScript(DbOpenHelper.java:142) Executing script: dbupdate-016-0.sql 
26 Feb 2025 11:33:36,818 INFO com.sismics.util.jpa.DbOpenHelper.executeAllScript(DbOpenHelper.java:142) Executing script: dbupdate-017-0.sql 
26 Feb 2025 11:33:36,825 INFO com.sismics.util.jpa.DbOpenHelper.executeAllScript(DbOpenHelper.java:142) Executing script: dbupdate-018-0.sql 
26 Feb 2025 11:33:36,870 INFO com.sismics.util.jpa.DbOpenHelper.executeAllScript(DbOpenHelper.java:142) Executing script: dbupdate-019-0.sql 
26 Feb 2025 11:33:36,874 INFO com.sismics.util.jpa.DbOpenHelper.executeAllScript(DbOpenHelper.java:142) Executing script: dbupdate-020-0.sql 
26 Feb 2025 11:33:36,879 INFO com.sismics.util.jpa.DbOpenHelper.executeAllScript(DbOpenHelper.java:142) Executing script: dbupdate-021-0.sql 
26 Feb 2025 11:33:36,892 INFO com.sismics.util.jpa.DbOpenHelper.executeAllScript(DbOpenHelper.java:142) Executing script: dbupdate-022-0.sql 
26 Feb 2025 11:33:36,915 INFO com.sismics.util.jpa.DbOpenHelper.executeAllScript(DbOpenHelper.java:142) Executing script: dbupdate-023-0.sql 
26 Feb 2025 11:33:36,931 INFO com.sismics.util.jpa.DbOpenHelper.executeAllScript(DbOpenHelper.java:142) Executing script: dbupdate-024-0.sql 
26 Feb 2025 11:33:36,947 INFO com.sismics.util.jpa.DbOpenHelper.executeAllScript(DbOpenHelper.java:142) Executing script: dbupdate-025-0.sql 
26 Feb 2025 11:33:36,956 INFO com.sismics.util.jpa.DbOpenHelper.executeAllScript(DbOpenHelper.java:142) Executing script: dbupdate-026-0.sql 
26 Feb 2025 11:33:36,960 INFO com.sismics.util.jpa.DbOpenHelper.executeAllScript(DbOpenHelper.java:142) Executing script: dbupdate-027-0.sql 
26 Feb 2025 11:33:36,964 INFO com.sismics.util.jpa.DbOpenHelper.executeAllScript(DbOpenHelper.java:142) Executing script: dbupdate-028-0.sql 
26 Feb 2025 11:33:36,970 INFO com.sismics.util.jpa.DbOpenHelper.executeAllScript(DbOpenHelper.java:142) Executing script: dbupdate-029-0.sql 
26 Feb 2025 11:33:36,984 INFO com.sismics.util.jpa.DbOpenHelper.executeAllScript(DbOpenHelper.java:142) Executing script: dbupdate-030-0.sql 
26 Feb 2025 11:33:36,994 INFO com.sismics.util.jpa.DbOpenHelper.executeAllScript(DbOpenHelper.java:142) Executing script: dbupdate-031-0.sql 
26 Feb 2025 11:33:36,997 INFO com.sismics.util.jpa.DbOpenHelper.open(DbOpenHelper.java:108) Database upgrade complete 
26 Feb 2025 11:33:36,998 INFO com.sismics.util.jpa.EMF.getEntityManagerProperties(EMF.java:67) Configuring EntityManager from hibernate.properties 
26 Feb 2025 11:33:41,433 INFO com.sismics.util.ClasspathScanner.findClasses(ClasspathScanner.java:48) Found 1 classes for IndexingHandler 
26 Feb 2025 11:33:41,550 INFO com.sismics.docs.core.util.indexing.LuceneIndexingHandler.initLucene(LuceneIndexingHandler.java:129) Using RAM Lucene storage 
26 Feb 2025 11:33:41,734 INFO com.sismics.docs.core.service.FileService.startUp(FileService.java:39) File service starting up 
26 Feb 2025 11:33:41,740 INFO com.sismics.docs.core.service.InboxService.startUp(InboxService.java:52) Inbox service starting up 
26 Feb 2025 11:33:41,742 INFO com.sismics.docs.core.service.FileSizeService.startUp(FileSizeService.java:30) File size service starting up 
26 Feb 2025 11:33:42,388 INFO com.sismics.docs.core.service.FileSizeService.lambda$runOneIteration$0(FileSizeService.java:50) No more file to process, stopping the service 
26 Feb 2025 11:33:42,390 INFO com.sismics.docs.core.service.FileSizeService.shutDown(FileSizeService.java:35) File size service shutting down 
26 Feb 2025 11:35:03,768 INFO com.sismics.util.ClasspathScanner.findClasses(ClasspathScanner.java:48) Found 2 classes for AuthenticationHandler 
26 Feb 2025 11:37:30,141 INFO com.sismics.docs.core.util.FileUtil.startProcessingFile(FileUtil.java:225) Processing started for file: be21a8bd-f9c4-43c9-8358-ce5611a66b3b 
26 Feb 2025 11:37:30,182 INFO com.sismics.docs.core.listener.async.FileProcessingAsyncListener.on(FileProcessingAsyncListener.java:53) File created event: FileCreatedAsyncEvent{fileId=be21a8bd-f9c4-43c9-8358-ce5611a66b3b, language=null} 
26 Feb 2025 11:37:30,543 INFO com.sismics.util.ClasspathScanner.findClasses(ClasspathScanner.java:48) Found 7 classes for FormatHandler 
26 Feb 2025 11:37:33,027 INFO com.sismics.docs.core.listener.async.FileProcessingAsyncListener.extractContent(FileProcessingAsyncListener.java:176) Start extracting content from: File{id=be21a8bd-f9c4-43c9-8358-ce5611a66b3b, name=草稿.txt} 
26 Feb 2025 11:37:33,030 INFO com.sismics.docs.core.listener.async.FileProcessingAsyncListener.extractContent(FileProcessingAsyncListener.java:182) File content extracted in 2ms: be21a8bd-f9c4-43c9-8358-ce5611a66b3b 
26 Feb 2025 11:37:33,509 INFO com.sismics.docs.core.util.FileUtil.endProcessingFile(FileUtil.java:235) Processing ended for file: be21a8bd-f9c4-43c9-8358-ce5611a66b3b 
26 Feb 2025 11:39:05,107 INFO com.sismics.docs.core.listener.async.FileDeletedAsyncListener.on(FileDeletedAsyncListener.java:36) File deleted event: FileDeletedAsyncEvent{fileId=be21a8bd-f9c4-43c9-8358-ce5611a66b3b, fileSize=147810} 
26 Feb 2025 11:41:55,301 INFO com.sismics.docs.core.service.InboxService.shutDown(InboxService.java:57) Inbox service shutting down 
26 Feb 2025 11:41:55,301 INFO com.sismics.docs.core.service.FileService.shutDown(FileService.java:44) File service shutting down 
26 Feb 2025 12:21:51,545 INFO com.sismics.util.jpa.EMF.getEntityManagerProperties(EMF.java:67) Configuring EntityManager from hibernate.properties 
26 Feb 2025 12:21:52,501 ERROR com.sismics.util.jpa.EMF.<clinit>(EMF.java:58) Error creating EMF 
org.hibernate.service.spi.ServiceException: Unable to create requested service [org.hibernate.engine.jdbc.env.spi.JdbcEnvironment] due to: Error calling Driver#connect [null]
	at org.hibernate.service.internal.AbstractServiceRegistryImpl.createService(AbstractServiceRegistryImpl.java:276)
	at org.hibernate.service.internal.AbstractServiceRegistryImpl.initializeService(AbstractServiceRegistryImpl.java:238)
	at org.hibernate.service.internal.AbstractServiceRegistryImpl.getService(AbstractServiceRegistryImpl.java:215)
	at org.hibernate.engine.jdbc.internal.JdbcServicesImpl.configure(JdbcServicesImpl.java:52)
	at org.hibernate.boot.registry.internal.StandardServiceRegistryImpl.configureService(StandardServiceRegistryImpl.java:135)
	at org.hibernate.service.internal.AbstractServiceRegistryImpl.initializeService(AbstractServiceRegistryImpl.java:247)
	at org.hibernate.service.internal.AbstractServiceRegistryImpl.getService(AbstractServiceRegistryImpl.java:215)
	at com.sismics.util.jpa.DbOpenHelper.<init>(DbOpenHelper.java:50)
	at com.sismics.util.jpa.EMF$1.<init>(EMF.java:40)
	at com.sismics.util.jpa.EMF.<clinit>(EMF.java:40)
	at com.sismics.docs.core.util.TransactionUtil.handle(TransactionUtil.java:37)
	at com.sismics.util.filter.RequestContextFilter.init(RequestContextFilter.java:65)
	at org.eclipse.jetty.servlet.FilterHolder.initialize(FilterHolder.java:133)
	at org.eclipse.jetty.servlet.ServletHandler.lambda$initialize$2(ServletHandler.java:725)
	at java.base/java.util.ArrayList$ArrayListSpliterator.forEachRemaining(ArrayList.java:1708)
	at java.base/java.util.stream.Streams$ConcatSpliterator.forEachRemaining(Streams.java:734)
	at java.base/java.util.stream.ReferencePipeline$Head.forEach(ReferencePipeline.java:762)
	at org.eclipse.jetty.servlet.ServletHandler.initialize(ServletHandler.java:749)
	at org.eclipse.jetty.servlet.ServletContextHandler.startContext(ServletContextHandler.java:392)
	at org.eclipse.jetty.webapp.WebAppContext.startContext(WebAppContext.java:1305)
	at org.eclipse.jetty.server.handler.ContextHandler.doStart(ContextHandler.java:902)
	at org.eclipse.jetty.servlet.ServletContextHandler.doStart(ServletContextHandler.java:306)
	at org.eclipse.jetty.webapp.WebAppContext.doStart(WebAppContext.java:533)
	at org.eclipse.jetty.maven.plugin.MavenWebAppContext.doStart(MavenWebAppContext.java:294)
	at org.eclipse.jetty.util.component.AbstractLifeCycle.start(AbstractLifeCycle.java:93)
	at org.eclipse.jetty.util.component.ContainerLifeCycle.start(ContainerLifeCycle.java:171)
	at org.eclipse.jetty.util.component.ContainerLifeCycle.doStart(ContainerLifeCycle.java:121)
	at org.eclipse.jetty.server.handler.AbstractHandler.doStart(AbstractHandler.java:89)
	at org.eclipse.jetty.util.component.AbstractLifeCycle.start(AbstractLifeCycle.java:93)
	at org.eclipse.jetty.util.component.ContainerLifeCycle.start(ContainerLifeCycle.java:171)
	at org.eclipse.jetty.util.component.ContainerLifeCycle.doStart(ContainerLifeCycle.java:121)
	at org.eclipse.jetty.server.handler.AbstractHandler.doStart(AbstractHandler.java:89)
	at org.eclipse.jetty.util.component.AbstractLifeCycle.start(AbstractLifeCycle.java:93)
	at org.eclipse.jetty.util.component.ContainerLifeCycle.start(ContainerLifeCycle.java:171)
	at org.eclipse.jetty.server.Server.start(Server.java:470)
	at org.eclipse.jetty.util.component.ContainerLifeCycle.doStart(ContainerLifeCycle.java:114)
	at org.eclipse.jetty.server.handler.AbstractHandler.doStart(AbstractHandler.java:89)
	at org.eclipse.jetty.server.Server.doStart(Server.java:415)
	at org.eclipse.jetty.util.component.AbstractLifeCycle.start(AbstractLifeCycle.java:93)
	at org.eclipse.jetty.maven.plugin.JettyEmbedder.doStart(JettyEmbedder.java:224)
	at org.eclipse.jetty.util.component.AbstractLifeCycle.start(AbstractLifeCycle.java:93)
	at org.eclipse.jetty.maven.plugin.JettyRunMojo.startJettyEmbedded(JettyRunMojo.java:97)
	at org.eclipse.jetty.maven.plugin.AbstractWebAppMojo.startJetty(AbstractWebAppMojo.java:441)
	at org.eclipse.jetty.maven.plugin.AbstractWebAppMojo.execute(AbstractWebAppMojo.java:419)
	at org.eclipse.jetty.maven.plugin.JettyRunMojo.execute(JettyRunMojo.java:85)
	at org.apache.maven.plugin.DefaultBuildPluginManager.executeMojo(DefaultBuildPluginManager.java:137)
	at org.apache.maven.lifecycle.internal.MojoExecutor.doExecute2(MojoExecutor.java:370)
	at org.apache.maven.lifecycle.internal.MojoExecutor.doExecute(MojoExecutor.java:351)
	at org.apache.maven.lifecycle.internal.MojoExecutor.execute(MojoExecutor.java:215)
	at org.apache.maven.lifecycle.internal.MojoExecutor.execute(MojoExecutor.java:171)
	at org.apache.maven.lifecycle.internal.MojoExecutor.execute(MojoExecutor.java:163)
	at org.apache.maven.lifecycle.internal.LifecycleModuleBuilder.buildProject(LifecycleModuleBuilder.java:117)
	at org.apache.maven.lifecycle.internal.LifecycleModuleBuilder.buildProject(LifecycleModuleBuilder.java:81)
	at org.apache.maven.lifecycle.internal.builder.singlethreaded.SingleThreadedBuilder.build(SingleThreadedBuilder.java:56)
	at org.apache.maven.lifecycle.internal.LifecycleStarter.execute(LifecycleStarter.java:128)
	at org.apache.maven.DefaultMaven.doExecute(DefaultMaven.java:298)
	at org.apache.maven.DefaultMaven.doExecute(DefaultMaven.java:192)
	at org.apache.maven.DefaultMaven.execute(DefaultMaven.java:105)
	at org.apache.maven.cli.MavenCli.execute(MavenCli.java:960)
	at org.apache.maven.cli.MavenCli.doMain(MavenCli.java:293)
	at org.apache.maven.cli.MavenCli.main(MavenCli.java:196)
	at java.base/jdk.internal.reflect.DirectMethodHandleAccessor.invoke(DirectMethodHandleAccessor.java:103)
	at java.base/java.lang.reflect.Method.invoke(Method.java:580)
	at org.codehaus.plexus.classworlds.launcher.Launcher.launchEnhanced(Launcher.java:283)
	at org.codehaus.plexus.classworlds.launcher.Launcher.launch(Launcher.java:226)
	at org.codehaus.plexus.classworlds.launcher.Launcher.mainWithExitCode(Launcher.java:407)
	at org.codehaus.plexus.classworlds.launcher.Launcher.main(Launcher.java:348)
Caused by: org.hibernate.exception.JDBCConnectionException: Error calling Driver#connect [null]
	at org.hibernate.engine.jdbc.connections.internal.BasicConnectionCreator$1.convert(BasicConnectionCreator.java:122)
	at org.hibernate.engine.jdbc.connections.internal.BasicConnectionCreator.convertSqlException(BasicConnectionCreator.java:143)
	at org.hibernate.engine.jdbc.connections.internal.DriverConnectionCreator.makeConnection(DriverConnectionCreator.java:43)
	at org.hibernate.engine.jdbc.connections.internal.BasicConnectionCreator.createConnection(BasicConnectionCreator.java:61)
	at org.hibernate.engine.jdbc.connections.internal.DriverManagerConnectionProviderImpl$PooledConnections.addConnections(DriverManagerConnectionProviderImpl.java:494)
	at org.hibernate.engine.jdbc.connections.internal.DriverManagerConnectionProviderImpl$PooledConnections.<init>(DriverManagerConnectionProviderImpl.java:367)
	at org.hibernate.engine.jdbc.connections.internal.DriverManagerConnectionProviderImpl$PooledConnections$Builder.build(DriverManagerConnectionProviderImpl.java:545)
	at org.hibernate.engine.jdbc.connections.internal.DriverManagerConnectionProviderImpl.buildPool(DriverManagerConnectionProviderImpl.java:101)
	at org.hibernate.engine.jdbc.connections.internal.DriverManagerConnectionProviderImpl.configure(DriverManagerConnectionProviderImpl.java:81)
	at org.hibernate.boot.registry.internal.StandardServiceRegistryImpl.configureService(StandardServiceRegistryImpl.java:135)
	at org.hibernate.service.internal.AbstractServiceRegistryImpl.initializeService(AbstractServiceRegistryImpl.java:247)
	at org.hibernate.service.internal.AbstractServiceRegistryImpl.getService(AbstractServiceRegistryImpl.java:215)
	at org.hibernate.engine.jdbc.env.internal.JdbcEnvironmentInitiator.buildJdbcConnectionAccess(JdbcEnvironmentInitiator.java:391)
	at org.hibernate.engine.jdbc.env.internal.JdbcEnvironmentInitiator.getJdbcEnvironmentUsingJdbcMetadata(JdbcEnvironmentInitiator.java:259)
	at org.hibernate.engine.jdbc.env.internal.JdbcEnvironmentInitiator.initiateService(JdbcEnvironmentInitiator.java:105)
	at org.hibernate.engine.jdbc.env.internal.JdbcEnvironmentInitiator.initiateService(JdbcEnvironmentInitiator.java:66)
	at org.hibernate.boot.registry.internal.StandardServiceRegistryImpl.initiateService(StandardServiceRegistryImpl.java:129)
	at org.hibernate.service.internal.AbstractServiceRegistryImpl.createService(AbstractServiceRegistryImpl.java:263)
	... 66 more
Caused by: org.h2.jdbc.JdbcSQLNonTransientConnectionException: Invalid database name: "./" [90138-199]
	at org.h2.message.DbException.getJdbcSQLException(DbException.java:617)
	at org.h2.message.DbException.getJdbcSQLException(DbException.java:427)
	at org.h2.message.DbException.get(DbException.java:205)
	at org.h2.message.DbException.get(DbException.java:181)
	at org.h2.engine.ConnectionInfo.getName(ConnectionInfo.java:409)
	at org.h2.engine.Engine.openSession(Engine.java:53)
	at org.h2.engine.Engine.openSession(Engine.java:201)
	at org.h2.engine.Engine.createSessionAndValidate(Engine.java:178)
	at org.h2.engine.Engine.createSession(Engine.java:161)
	at org.h2.engine.Engine.createSession(Engine.java:31)
	at org.h2.engine.SessionRemote.connectEmbeddedOrServer(SessionRemote.java:336)
	at org.h2.jdbc.JdbcConnection.<init>(JdbcConnection.java:169)
	at org.h2.jdbc.JdbcConnection.<init>(JdbcConnection.java:148)
	at org.h2.Driver.connect(Driver.java:69)
	at org.hibernate.engine.jdbc.connections.internal.DriverConnectionCreator.makeConnection(DriverConnectionCreator.java:40)
	... 81 more
26 Feb 2025 12:21:52,516 ERROR com.sismics.docs.core.util.TransactionUtil.handle(TransactionUtil.java:39) Cannot create entity manager 
java.lang.NullPointerException: Cannot invoke "jakarta.persistence.EntityManagerFactory.createEntityManager()" because the return value of "com.sismics.util.jpa.EMF.get()" is null
	at com.sismics.docs.core.util.TransactionUtil.handle(TransactionUtil.java:37)
	at com.sismics.util.filter.RequestContextFilter.init(RequestContextFilter.java:65)
	at org.eclipse.jetty.servlet.FilterHolder.initialize(FilterHolder.java:133)
	at org.eclipse.jetty.servlet.ServletHandler.lambda$initialize$2(ServletHandler.java:725)
	at java.base/java.util.ArrayList$ArrayListSpliterator.forEachRemaining(ArrayList.java:1708)
	at java.base/java.util.stream.Streams$ConcatSpliterator.forEachRemaining(Streams.java:734)
	at java.base/java.util.stream.ReferencePipeline$Head.forEach(ReferencePipeline.java:762)
	at org.eclipse.jetty.servlet.ServletHandler.initialize(ServletHandler.java:749)
	at org.eclipse.jetty.servlet.ServletContextHandler.startContext(ServletContextHandler.java:392)
	at org.eclipse.jetty.webapp.WebAppContext.startContext(WebAppContext.java:1305)
	at org.eclipse.jetty.server.handler.ContextHandler.doStart(ContextHandler.java:902)
	at org.eclipse.jetty.servlet.ServletContextHandler.doStart(ServletContextHandler.java:306)
	at org.eclipse.jetty.webapp.WebAppContext.doStart(WebAppContext.java:533)
	at org.eclipse.jetty.maven.plugin.MavenWebAppContext.doStart(MavenWebAppContext.java:294)
	at org.eclipse.jetty.util.component.AbstractLifeCycle.start(AbstractLifeCycle.java:93)
	at org.eclipse.jetty.util.component.ContainerLifeCycle.start(ContainerLifeCycle.java:171)
	at org.eclipse.jetty.util.component.ContainerLifeCycle.doStart(ContainerLifeCycle.java:121)
	at org.eclipse.jetty.server.handler.AbstractHandler.doStart(AbstractHandler.java:89)
	at org.eclipse.jetty.util.component.AbstractLifeCycle.start(AbstractLifeCycle.java:93)
	at org.eclipse.jetty.util.component.ContainerLifeCycle.start(ContainerLifeCycle.java:171)
	at org.eclipse.jetty.util.component.ContainerLifeCycle.doStart(ContainerLifeCycle.java:121)
	at org.eclipse.jetty.server.handler.AbstractHandler.doStart(AbstractHandler.java:89)
	at org.eclipse.jetty.util.component.AbstractLifeCycle.start(AbstractLifeCycle.java:93)
	at org.eclipse.jetty.util.component.ContainerLifeCycle.start(ContainerLifeCycle.java:171)
	at org.eclipse.jetty.server.Server.start(Server.java:470)
	at org.eclipse.jetty.util.component.ContainerLifeCycle.doStart(ContainerLifeCycle.java:114)
	at org.eclipse.jetty.server.handler.AbstractHandler.doStart(AbstractHandler.java:89)
	at org.eclipse.jetty.server.Server.doStart(Server.java:415)
	at org.eclipse.jetty.util.component.AbstractLifeCycle.start(AbstractLifeCycle.java:93)
	at org.eclipse.jetty.maven.plugin.JettyEmbedder.doStart(JettyEmbedder.java:224)
	at org.eclipse.jetty.util.component.AbstractLifeCycle.start(AbstractLifeCycle.java:93)
	at org.eclipse.jetty.maven.plugin.JettyRunMojo.startJettyEmbedded(JettyRunMojo.java:97)
	at org.eclipse.jetty.maven.plugin.AbstractWebAppMojo.startJetty(AbstractWebAppMojo.java:441)
	at org.eclipse.jetty.maven.plugin.AbstractWebAppMojo.execute(AbstractWebAppMojo.java:419)
	at org.eclipse.jetty.maven.plugin.JettyRunMojo.execute(JettyRunMojo.java:85)
	at org.apache.maven.plugin.DefaultBuildPluginManager.executeMojo(DefaultBuildPluginManager.java:137)
	at org.apache.maven.lifecycle.internal.MojoExecutor.doExecute2(MojoExecutor.java:370)
	at org.apache.maven.lifecycle.internal.MojoExecutor.doExecute(MojoExecutor.java:351)
	at org.apache.maven.lifecycle.internal.MojoExecutor.execute(MojoExecutor.java:215)
	at org.apache.maven.lifecycle.internal.MojoExecutor.execute(MojoExecutor.java:171)
	at org.apache.maven.lifecycle.internal.MojoExecutor.execute(MojoExecutor.java:163)
	at org.apache.maven.lifecycle.internal.LifecycleModuleBuilder.buildProject(LifecycleModuleBuilder.java:117)
	at org.apache.maven.lifecycle.internal.LifecycleModuleBuilder.buildProject(LifecycleModuleBuilder.java:81)
	at org.apache.maven.lifecycle.internal.builder.singlethreaded.SingleThreadedBuilder.build(SingleThreadedBuilder.java:56)
	at org.apache.maven.lifecycle.internal.LifecycleStarter.execute(LifecycleStarter.java:128)
	at org.apache.maven.DefaultMaven.doExecute(DefaultMaven.java:298)
	at org.apache.maven.DefaultMaven.doExecute(DefaultMaven.java:192)
	at org.apache.maven.DefaultMaven.execute(DefaultMaven.java:105)
	at org.apache.maven.cli.MavenCli.execute(MavenCli.java:960)
	at org.apache.maven.cli.MavenCli.doMain(MavenCli.java:293)
	at org.apache.maven.cli.MavenCli.main(MavenCli.java:196)
	at java.base/jdk.internal.reflect.DirectMethodHandleAccessor.invoke(DirectMethodHandleAccessor.java:103)
	at java.base/java.lang.reflect.Method.invoke(Method.java:580)
	at org.codehaus.plexus.classworlds.launcher.Launcher.launchEnhanced(Launcher.java:283)
	at org.codehaus.plexus.classworlds.launcher.Launcher.launch(Launcher.java:226)
	at org.codehaus.plexus.classworlds.launcher.Launcher.mainWithExitCode(Launcher.java:407)
	at org.codehaus.plexus.classworlds.launcher.Launcher.main(Launcher.java:348)
26 Feb 2025 12:22:59,344 INFO com.sismics.util.ClasspathScanner.findClasses(ClasspathScanner.java:48) Found 1 classes for IndexingHandler 
26 Feb 2025 12:22:59,383 INFO com.sismics.docs.core.util.indexing.LuceneIndexingHandler.initLucene(LuceneIndexingHandler.java:129) Using RAM Lucene storage 
26 Feb 2025 12:22:59,519 INFO com.sismics.docs.core.service.FileService.startUp(FileService.java:39) File service starting up 
26 Feb 2025 12:22:59,524 INFO com.sismics.docs.core.service.InboxService.startUp(InboxService.java:52) Inbox service starting up 
26 Feb 2025 12:22:59,524 ERROR com.sismics.docs.core.util.TransactionUtil.handle(TransactionUtil.java:39) Cannot create entity manager 
java.lang.NullPointerException: Cannot invoke "jakarta.persistence.EntityManagerFactory.createEntityManager()" because the return value of "com.sismics.util.jpa.EMF.get()" is null
	at com.sismics.docs.core.util.TransactionUtil.handle(TransactionUtil.java:37)
	at com.sismics.docs.core.service.InboxService.syncInbox(InboxService.java:73)
	at com.sismics.docs.core.service.InboxService.runOneIteration(InboxService.java:63)
	at com.google.common.util.concurrent.AbstractScheduledService$ServiceDelegate$Task.run(AbstractScheduledService.java:233)
	at com.google.common.util.concurrent.Callables.lambda$threadRenaming$3(Callables.java:103)
	at java.base/java.util.concurrent.Executors$RunnableAdapter.call(Executors.java:572)
	at java.base/java.util.concurrent.FutureTask.runAndReset(FutureTask.java:358)
	at java.base/java.util.concurrent.ScheduledThreadPoolExecutor$ScheduledFutureTask.run(ScheduledThreadPoolExecutor.java:305)
	at java.base/java.util.concurrent.ThreadPoolExecutor.runWorker(ThreadPoolExecutor.java:1144)
	at java.base/java.util.concurrent.ThreadPoolExecutor$Worker.run(ThreadPoolExecutor.java:642)
	at java.base/java.lang.Thread.run(Thread.java:1583)
26 Feb 2025 12:22:59,525 ERROR com.sismics.docs.core.service.InboxService.runOneIteration(InboxService.java:65) Exception during inbox synching 
java.lang.NullPointerException: Cannot invoke "jakarta.persistence.EntityManager.getTransaction()" because "em" is null
	at com.sismics.docs.core.util.TransactionUtil.handle(TransactionUtil.java:43)
	at com.sismics.docs.core.service.InboxService.syncInbox(InboxService.java:73)
	at com.sismics.docs.core.service.InboxService.runOneIteration(InboxService.java:63)
	at com.google.common.util.concurrent.AbstractScheduledService$ServiceDelegate$Task.run(AbstractScheduledService.java:233)
	at com.google.common.util.concurrent.Callables.lambda$threadRenaming$3(Callables.java:103)
	at java.base/java.util.concurrent.Executors$RunnableAdapter.call(Executors.java:572)
	at java.base/java.util.concurrent.FutureTask.runAndReset(FutureTask.java:358)
	at java.base/java.util.concurrent.ScheduledThreadPoolExecutor$ScheduledFutureTask.run(ScheduledThreadPoolExecutor.java:305)
	at java.base/java.util.concurrent.ThreadPoolExecutor.runWorker(ThreadPoolExecutor.java:1144)
	at java.base/java.util.concurrent.ThreadPoolExecutor$Worker.run(ThreadPoolExecutor.java:642)
	at java.base/java.lang.Thread.run(Thread.java:1583)
26 Feb 2025 12:22:59,525 INFO com.sismics.docs.core.service.FileSizeService.startUp(FileSizeService.java:30) File size service starting up 
26 Feb 2025 12:22:59,526 ERROR com.sismics.docs.core.util.TransactionUtil.handle(TransactionUtil.java:39) Cannot create entity manager 
java.lang.NullPointerException: Cannot invoke "jakarta.persistence.EntityManagerFactory.createEntityManager()" because the return value of "com.sismics.util.jpa.EMF.get()" is null
	at com.sismics.docs.core.util.TransactionUtil.handle(TransactionUtil.java:37)
	at com.sismics.docs.core.service.FileSizeService.runOneIteration(FileSizeService.java:43)
	at com.google.common.util.concurrent.AbstractScheduledService$ServiceDelegate$Task.run(AbstractScheduledService.java:233)
	at com.google.common.util.concurrent.Callables.lambda$threadRenaming$3(Callables.java:103)
	at java.base/java.util.concurrent.Executors$RunnableAdapter.call(Executors.java:572)
	at java.base/java.util.concurrent.FutureTask.runAndReset(FutureTask.java:358)
	at java.base/java.util.concurrent.ScheduledThreadPoolExecutor$ScheduledFutureTask.run(ScheduledThreadPoolExecutor.java:305)
	at java.base/java.util.concurrent.ThreadPoolExecutor.runWorker(ThreadPoolExecutor.java:1144)
	at java.base/java.util.concurrent.ThreadPoolExecutor$Worker.run(ThreadPoolExecutor.java:642)
	at java.base/java.lang.Thread.run(Thread.java:1583)
26 Feb 2025 12:22:59,527 ERROR com.sismics.docs.core.service.FileSizeService.runOneIteration(FileSizeService.java:55) Exception during file service iteration 
java.lang.NullPointerException: Cannot invoke "jakarta.persistence.EntityManager.getTransaction()" because "em" is null
	at com.sismics.docs.core.util.TransactionUtil.handle(TransactionUtil.java:43)
	at com.sismics.docs.core.service.FileSizeService.runOneIteration(FileSizeService.java:43)
	at com.google.common.util.concurrent.AbstractScheduledService$ServiceDelegate$Task.run(AbstractScheduledService.java:233)
	at com.google.common.util.concurrent.Callables.lambda$threadRenaming$3(Callables.java:103)
	at java.base/java.util.concurrent.Executors$RunnableAdapter.call(Executors.java:572)
	at java.base/java.util.concurrent.FutureTask.runAndReset(FutureTask.java:358)
	at java.base/java.util.concurrent.ScheduledThreadPoolExecutor$ScheduledFutureTask.run(ScheduledThreadPoolExecutor.java:305)
	at java.base/java.util.concurrent.ThreadPoolExecutor.runWorker(ThreadPoolExecutor.java:1144)
	at java.base/java.util.concurrent.ThreadPoolExecutor$Worker.run(ThreadPoolExecutor.java:642)
	at java.base/java.lang.Thread.run(Thread.java:1583)
26 Feb 2025 12:23:00,382 INFO com.sismics.docs.core.service.InboxService.shutDown(InboxService.java:57) Inbox service shutting down 
26 Feb 2025 12:23:00,383 INFO com.sismics.docs.core.service.FileService.shutDown(FileService.java:44) File service shutting down 
26 Feb 2025 12:23:00,383 INFO com.sismics.docs.core.service.FileSizeService.shutDown(FileSizeService.java:35) File size service shutting down 
05 Mar 2025 10:27:14,725 INFO com.sismics.util.jpa.EMF.getEntityManagerProperties(EMF.java:67) Configuring EntityManager from hibernate.properties 
05 Mar 2025 10:27:16,133 INFO com.sismics.util.jpa.DbOpenHelper.open(DbOpenHelper.java:57) Opening database and executing incremental updates 
05 Mar 2025 10:27:16,136 INFO com.sismics.util.jpa.DbOpenHelper.open(DbOpenHelper.java:83) Unable to get database version: Table T_CONFIG not found 
05 Mar 2025 10:27:16,137 INFO com.sismics.util.jpa.DbOpenHelper.open(DbOpenHelper.java:98) Executing initial schema creation script 
05 Mar 2025 10:27:16,148 INFO com.sismics.util.jpa.DbOpenHelper.executeAllScript(DbOpenHelper.java:142) Executing script: dbupdate-000-0.sql 
05 Mar 2025 10:27:16,305 INFO com.sismics.util.jpa.DbOpenHelper.executeAllScript(DbOpenHelper.java:142) Executing script: dbupdate-000-1.sql 
05 Mar 2025 10:27:16,317 INFO com.sismics.util.jpa.DbOpenHelper.open(DbOpenHelper.java:106) Found database version 0, new version is 31, executing database incremental update scripts 
05 Mar 2025 10:27:16,321 INFO com.sismics.util.jpa.DbOpenHelper.executeAllScript(DbOpenHelper.java:142) Executing script: dbupdate-001-0.sql 
05 Mar 2025 10:27:16,438 INFO com.sismics.util.jpa.DbOpenHelper.executeAllScript(DbOpenHelper.java:142) Executing script: dbupdate-002-0.sql 
05 Mar 2025 10:27:16,459 INFO com.sismics.util.jpa.DbOpenHelper.executeAllScript(DbOpenHelper.java:142) Executing script: dbupdate-003-0.sql 
05 Mar 2025 10:27:16,478 INFO com.sismics.util.jpa.DbOpenHelper.executeAllScript(DbOpenHelper.java:142) Executing script: dbupdate-004-0.sql 
05 Mar 2025 10:27:16,542 INFO com.sismics.util.jpa.DbOpenHelper.executeAllScript(DbOpenHelper.java:142) Executing script: dbupdate-005-0.sql 
05 Mar 2025 10:27:16,549 INFO com.sismics.util.jpa.DbOpenHelper.executeAllScript(DbOpenHelper.java:142) Executing script: dbupdate-006-0.sql 
05 Mar 2025 10:27:16,901 INFO com.sismics.util.jpa.DbOpenHelper.executeAllScript(DbOpenHelper.java:142) Executing script: dbupdate-007-0.sql 
05 Mar 2025 10:27:16,911 INFO com.sismics.util.jpa.DbOpenHelper.executeAllScript(DbOpenHelper.java:142) Executing script: dbupdate-008-0.sql 
05 Mar 2025 10:27:16,921 INFO com.sismics.util.jpa.DbOpenHelper.executeAllScript(DbOpenHelper.java:142) Executing script: dbupdate-009-0.sql 
05 Mar 2025 10:27:16,937 INFO com.sismics.util.jpa.DbOpenHelper.executeAllScript(DbOpenHelper.java:142) Executing script: dbupdate-010-0.sql 
05 Mar 2025 10:27:16,943 INFO com.sismics.util.jpa.DbOpenHelper.executeAllScript(DbOpenHelper.java:142) Executing script: dbupdate-011-0.sql 
05 Mar 2025 10:27:16,958 INFO com.sismics.util.jpa.DbOpenHelper.executeAllScript(DbOpenHelper.java:142) Executing script: dbupdate-012-0.sql 
05 Mar 2025 10:27:16,973 INFO com.sismics.util.jpa.DbOpenHelper.executeAllScript(DbOpenHelper.java:142) Executing script: dbupdate-013-0.sql 
05 Mar 2025 10:27:16,980 INFO com.sismics.util.jpa.DbOpenHelper.executeAllScript(DbOpenHelper.java:142) Executing script: dbupdate-014-0.sql 
05 Mar 2025 10:27:16,994 INFO com.sismics.util.jpa.DbOpenHelper.executeAllScript(DbOpenHelper.java:142) Executing script: dbupdate-015-0.sql 
05 Mar 2025 10:27:17,028 INFO com.sismics.util.jpa.DbOpenHelper.executeAllScript(DbOpenHelper.java:142) Executing script: dbupdate-016-0.sql 
05 Mar 2025 10:27:17,034 INFO com.sismics.util.jpa.DbOpenHelper.executeAllScript(DbOpenHelper.java:142) Executing script: dbupdate-017-0.sql 
05 Mar 2025 10:27:17,044 INFO com.sismics.util.jpa.DbOpenHelper.executeAllScript(DbOpenHelper.java:142) Executing script: dbupdate-018-0.sql 
05 Mar 2025 10:27:17,091 INFO com.sismics.util.jpa.DbOpenHelper.executeAllScript(DbOpenHelper.java:142) Executing script: dbupdate-019-0.sql 
05 Mar 2025 10:27:17,097 INFO com.sismics.util.jpa.DbOpenHelper.executeAllScript(DbOpenHelper.java:142) Executing script: dbupdate-020-0.sql 
05 Mar 2025 10:27:17,105 INFO com.sismics.util.jpa.DbOpenHelper.executeAllScript(DbOpenHelper.java:142) Executing script: dbupdate-021-0.sql 
05 Mar 2025 10:27:17,124 INFO com.sismics.util.jpa.DbOpenHelper.executeAllScript(DbOpenHelper.java:142) Executing script: dbupdate-022-0.sql 
05 Mar 2025 10:27:17,155 INFO com.sismics.util.jpa.DbOpenHelper.executeAllScript(DbOpenHelper.java:142) Executing script: dbupdate-023-0.sql 
05 Mar 2025 10:27:17,168 INFO com.sismics.util.jpa.DbOpenHelper.executeAllScript(DbOpenHelper.java:142) Executing script: dbupdate-024-0.sql 
05 Mar 2025 10:27:17,186 INFO com.sismics.util.jpa.DbOpenHelper.executeAllScript(DbOpenHelper.java:142) Executing script: dbupdate-025-0.sql 
05 Mar 2025 10:27:17,192 INFO com.sismics.util.jpa.DbOpenHelper.executeAllScript(DbOpenHelper.java:142) Executing script: dbupdate-026-0.sql 
05 Mar 2025 10:27:17,195 INFO com.sismics.util.jpa.DbOpenHelper.executeAllScript(DbOpenHelper.java:142) Executing script: dbupdate-027-0.sql 
05 Mar 2025 10:27:17,203 INFO com.sismics.util.jpa.DbOpenHelper.executeAllScript(DbOpenHelper.java:142) Executing script: dbupdate-028-0.sql 
05 Mar 2025 10:27:17,207 INFO com.sismics.util.jpa.DbOpenHelper.executeAllScript(DbOpenHelper.java:142) Executing script: dbupdate-029-0.sql 
05 Mar 2025 10:27:17,223 INFO com.sismics.util.jpa.DbOpenHelper.executeAllScript(DbOpenHelper.java:142) Executing script: dbupdate-030-0.sql 
05 Mar 2025 10:27:17,228 INFO com.sismics.util.jpa.DbOpenHelper.executeAllScript(DbOpenHelper.java:142) Executing script: dbupdate-031-0.sql 
05 Mar 2025 10:27:17,231 INFO com.sismics.util.jpa.DbOpenHelper.open(DbOpenHelper.java:108) Database upgrade complete 
05 Mar 2025 10:27:17,232 INFO com.sismics.util.jpa.EMF.getEntityManagerProperties(EMF.java:67) Configuring EntityManager from hibernate.properties 
05 Mar 2025 10:27:24,743 INFO com.sismics.util.ClasspathScanner.findClasses(ClasspathScanner.java:48) Found 1 classes for IndexingHandler 
05 Mar 2025 10:27:24,863 INFO com.sismics.docs.core.util.indexing.LuceneIndexingHandler.initLucene(LuceneIndexingHandler.java:129) Using RAM Lucene storage 
05 Mar 2025 10:27:25,107 INFO com.sismics.docs.core.service.FileService.startUp(FileService.java:39) File service starting up 
05 Mar 2025 10:27:25,117 INFO com.sismics.docs.core.service.InboxService.startUp(InboxService.java:52) Inbox service starting up 
05 Mar 2025 10:27:25,120 INFO com.sismics.docs.core.service.FileSizeService.startUp(FileSizeService.java:30) File size service starting up 
05 Mar 2025 10:27:25,849 INFO com.sismics.docs.core.service.FileSizeService.lambda$runOneIteration$0(FileSizeService.java:50) No more file to process, stopping the service 
05 Mar 2025 10:27:25,852 INFO com.sismics.docs.core.service.FileSizeService.shutDown(FileSizeService.java:35) File size service shutting down 
05 Mar 2025 10:28:07,873 INFO com.sismics.util.ClasspathScanner.findClasses(ClasspathScanner.java:48) Found 2 classes for AuthenticationHandler 
05 Mar 2025 10:28:21,758 INFO com.sismics.docs.core.util.FileUtil.startProcessingFile(FileUtil.java:225) Processing started for file: fac2d41c-f4df-408e-b9fb-aa32ce2e59ba 
05 Mar 2025 10:28:21,772 INFO com.sismics.docs.core.listener.async.FileProcessingAsyncListener.on(FileProcessingAsyncListener.java:53) File created event: FileCreatedAsyncEvent{fileId=fac2d41c-f4df-408e-b9fb-aa32ce2e59ba, language=null} 
05 Mar 2025 10:28:21,987 INFO com.sismics.util.ClasspathScanner.findClasses(ClasspathScanner.java:48) Found 7 classes for FormatHandler 
05 Mar 2025 10:28:24,084 INFO com.sismics.docs.core.listener.async.FileProcessingAsyncListener.extractContent(FileProcessingAsyncListener.java:176) Start extracting content from: File{id=fac2d41c-f4df-408e-b9fb-aa32ce2e59ba, name=草稿.txt} 
05 Mar 2025 10:28:24,085 INFO com.sismics.docs.core.listener.async.FileProcessingAsyncListener.extractContent(FileProcessingAsyncListener.java:182) File content extracted in 2ms: fac2d41c-f4df-408e-b9fb-aa32ce2e59ba 
05 Mar 2025 10:28:24,531 INFO com.sismics.docs.core.util.FileUtil.endProcessingFile(FileUtil.java:235) Processing ended for file: fac2d41c-f4df-408e-b9fb-aa32ce2e59ba 
05 Mar 2025 10:28:29,583 INFO com.sismics.docs.core.service.InboxService.shutDown(InboxService.java:57) Inbox service shutting down 
05 Mar 2025 10:28:29,584 INFO com.sismics.docs.core.service.FileService.shutDown(FileService.java:44) File service shutting down 
05 Mar 2025 10:28:39,331 INFO com.sismics.util.jpa.EMF.getEntityManagerProperties(EMF.java:67) Configuring EntityManager from hibernate.properties 
05 Mar 2025 10:28:40,650 INFO com.sismics.util.jpa.DbOpenHelper.open(DbOpenHelper.java:57) Opening database and executing incremental updates 
05 Mar 2025 10:28:40,655 INFO com.sismics.util.jpa.DbOpenHelper.open(DbOpenHelper.java:106) Found database version 31, new version is 31, executing database incremental update scripts 
05 Mar 2025 10:28:40,655 INFO com.sismics.util.jpa.DbOpenHelper.open(DbOpenHelper.java:108) Database upgrade complete 
05 Mar 2025 10:28:40,657 INFO com.sismics.util.jpa.EMF.getEntityManagerProperties(EMF.java:67) Configuring EntityManager from hibernate.properties 
05 Mar 2025 10:28:44,013 INFO com.sismics.util.ClasspathScanner.findClasses(ClasspathScanner.java:48) Found 1 classes for IndexingHandler 
05 Mar 2025 10:28:44,109 INFO com.sismics.docs.core.util.indexing.LuceneIndexingHandler.initLucene(LuceneIndexingHandler.java:129) Using RAM Lucene storage 
05 Mar 2025 10:28:44,253 INFO com.sismics.docs.core.service.FileService.startUp(FileService.java:39) File service starting up 
05 Mar 2025 10:28:44,259 INFO com.sismics.docs.core.service.InboxService.startUp(InboxService.java:52) Inbox service starting up 
05 Mar 2025 10:28:44,261 INFO com.sismics.docs.core.service.FileSizeService.startUp(FileSizeService.java:30) File size service starting up 
05 Mar 2025 10:28:44,838 INFO com.sismics.docs.core.service.FileSizeService.lambda$runOneIteration$0(FileSizeService.java:50) No more file to process, stopping the service 
05 Mar 2025 10:28:44,841 INFO com.sismics.docs.core.service.FileSizeService.shutDown(FileSizeService.java:35) File size service shutting down 
05 Mar 2025 11:11:01,257 INFO com.sismics.docs.core.service.InboxService.shutDown(InboxService.java:57) Inbox service shutting down 
05 Mar 2025 11:11:01,259 INFO com.sismics.docs.core.service.FileService.shutDown(FileService.java:44) File service shutting down 
05 Mar 2025 11:11:14,918 INFO com.sismics.util.jpa.EMF.getEntityManagerProperties(EMF.java:67) Configuring EntityManager from hibernate.properties 
05 Mar 2025 11:11:17,418 INFO com.sismics.util.jpa.DbOpenHelper.open(DbOpenHelper.java:57) Opening database and executing incremental updates 
05 Mar 2025 11:11:17,432 INFO com.sismics.util.jpa.DbOpenHelper.open(DbOpenHelper.java:106) Found database version 31, new version is 31, executing database incremental update scripts 
05 Mar 2025 11:11:17,435 INFO com.sismics.util.jpa.DbOpenHelper.open(DbOpenHelper.java:108) Database upgrade complete 
05 Mar 2025 11:11:17,437 INFO com.sismics.util.jpa.EMF.getEntityManagerProperties(EMF.java:67) Configuring EntityManager from hibernate.properties 
05 Mar 2025 11:11:22,170 INFO com.sismics.util.ClasspathScanner.findClasses(ClasspathScanner.java:48) Found 1 classes for IndexingHandler 
05 Mar 2025 11:11:22,294 INFO com.sismics.docs.core.util.indexing.LuceneIndexingHandler.initLucene(LuceneIndexingHandler.java:129) Using RAM Lucene storage 
05 Mar 2025 11:11:22,496 INFO com.sismics.docs.core.service.FileService.startUp(FileService.java:39) File service starting up 
05 Mar 2025 11:11:22,505 INFO com.sismics.docs.core.service.InboxService.startUp(InboxService.java:52) Inbox service starting up 
05 Mar 2025 11:11:22,508 INFO com.sismics.docs.core.service.FileSizeService.startUp(FileSizeService.java:30) File size service starting up 
05 Mar 2025 11:11:23,153 INFO com.sismics.docs.core.service.FileSizeService.lambda$runOneIteration$0(FileSizeService.java:50) No more file to process, stopping the service 
05 Mar 2025 11:11:23,157 INFO com.sismics.docs.core.service.FileSizeService.shutDown(FileSizeService.java:35) File size service shutting down 
05 Mar 2025 11:11:38,039 INFO com.sismics.docs.core.service.InboxService.shutDown(InboxService.java:57) Inbox service shutting down 
05 Mar 2025 11:11:38,039 INFO com.sismics.docs.core.service.FileService.shutDown(FileService.java:44) File service shutting down 
05 Mar 2025 11:11:55,878 INFO com.sismics.util.jpa.EMF.getEntityManagerProperties(EMF.java:67) Configuring EntityManager from hibernate.properties 
05 Mar 2025 11:11:57,038 INFO com.sismics.util.jpa.DbOpenHelper.open(DbOpenHelper.java:57) Opening database and executing incremental updates 
05 Mar 2025 11:11:57,046 INFO com.sismics.util.jpa.DbOpenHelper.open(DbOpenHelper.java:106) Found database version 31, new version is 31, executing database incremental update scripts 
05 Mar 2025 11:11:57,047 INFO com.sismics.util.jpa.DbOpenHelper.open(DbOpenHelper.java:108) Database upgrade complete 
05 Mar 2025 11:11:57,048 INFO com.sismics.util.jpa.EMF.getEntityManagerProperties(EMF.java:67) Configuring EntityManager from hibernate.properties 
05 Mar 2025 11:12:01,121 INFO com.sismics.util.ClasspathScanner.findClasses(ClasspathScanner.java:48) Found 1 classes for IndexingHandler 
05 Mar 2025 11:12:01,212 INFO com.sismics.docs.core.util.indexing.LuceneIndexingHandler.initLucene(LuceneIndexingHandler.java:129) Using RAM Lucene storage 
05 Mar 2025 11:12:01,354 INFO com.sismics.docs.core.service.FileService.startUp(FileService.java:39) File service starting up 
05 Mar 2025 11:12:01,362 INFO com.sismics.docs.core.service.InboxService.startUp(InboxService.java:52) Inbox service starting up 
05 Mar 2025 11:12:01,364 INFO com.sismics.docs.core.service.FileSizeService.startUp(FileSizeService.java:30) File size service starting up 
05 Mar 2025 11:12:02,063 INFO com.sismics.docs.core.service.FileSizeService.lambda$runOneIteration$0(FileSizeService.java:50) No more file to process, stopping the service 
05 Mar 2025 11:12:02,067 INFO com.sismics.docs.core.service.FileSizeService.shutDown(FileSizeService.java:35) File size service shutting down 
05 Mar 2025 11:22:24,323 INFO com.sismics.docs.core.service.InboxService.shutDown(InboxService.java:57) Inbox service shutting down 
05 Mar 2025 11:22:24,324 INFO com.sismics.docs.core.service.FileService.shutDown(FileService.java:44) File service shutting down 
12 Mar 2025 10:58:34,599 INFO com.sismics.util.jpa.EMF.getEntityManagerProperties(EMF.java:67) Configuring EntityManager from hibernate.properties 
12 Mar 2025 10:58:36,225 INFO com.sismics.util.jpa.DbOpenHelper.open(DbOpenHelper.java:57) Opening database and executing incremental updates 
12 Mar 2025 10:58:36,232 INFO com.sismics.util.jpa.DbOpenHelper.open(DbOpenHelper.java:106) Found database version 31, new version is 31, executing database incremental update scripts 
12 Mar 2025 10:58:36,232 INFO com.sismics.util.jpa.DbOpenHelper.open(DbOpenHelper.java:108) Database upgrade complete 
12 Mar 2025 10:58:36,234 INFO com.sismics.util.jpa.EMF.getEntityManagerProperties(EMF.java:67) Configuring EntityManager from hibernate.properties 
12 Mar 2025 10:58:40,279 INFO com.sismics.util.ClasspathScanner.findClasses(ClasspathScanner.java:48) Found 1 classes for IndexingHandler 
12 Mar 2025 10:58:40,365 INFO com.sismics.docs.core.util.indexing.LuceneIndexingHandler.initLucene(LuceneIndexingHandler.java:129) Using RAM Lucene storage 
12 Mar 2025 10:58:40,543 INFO com.sismics.docs.core.service.FileService.startUp(FileService.java:39) File service starting up 
12 Mar 2025 10:58:40,553 INFO com.sismics.docs.core.service.InboxService.startUp(InboxService.java:52) Inbox service starting up 
12 Mar 2025 10:58:40,555 INFO com.sismics.docs.core.service.FileSizeService.startUp(FileSizeService.java:30) File size service starting up 
12 Mar 2025 10:58:41,249 INFO com.sismics.docs.core.service.FileSizeService.lambda$runOneIteration$0(FileSizeService.java:50) No more file to process, stopping the service 
12 Mar 2025 10:58:41,253 INFO com.sismics.docs.core.service.FileSizeService.shutDown(FileSizeService.java:35) File size service shutting down 
12 Mar 2025 10:59:57,433 INFO com.sismics.docs.core.service.InboxService.shutDown(InboxService.java:57) Inbox service shutting down 
12 Mar 2025 10:59:57,434 INFO com.sismics.docs.core.service.FileService.shutDown(FileService.java:44) File service shutting down 
12 Mar 2025 11:02:41,697 INFO com.sismics.util.jpa.EMF.getEntityManagerProperties(EMF.java:67) Configuring EntityManager from hibernate.properties 
12 Mar 2025 11:02:43,242 INFO com.sismics.util.jpa.DbOpenHelper.open(DbOpenHelper.java:57) Opening database and executing incremental updates 
12 Mar 2025 11:02:43,248 INFO com.sismics.util.jpa.DbOpenHelper.open(DbOpenHelper.java:106) Found database version 31, new version is 31, executing database incremental update scripts 
12 Mar 2025 11:02:43,249 INFO com.sismics.util.jpa.DbOpenHelper.open(DbOpenHelper.java:108) Database upgrade complete 
12 Mar 2025 11:02:43,250 INFO com.sismics.util.jpa.EMF.getEntityManagerProperties(EMF.java:67) Configuring EntityManager from hibernate.properties 
12 Mar 2025 11:02:47,204 INFO com.sismics.util.ClasspathScanner.findClasses(ClasspathScanner.java:48) Found 1 classes for IndexingHandler 
12 Mar 2025 11:02:47,286 INFO com.sismics.docs.core.util.indexing.LuceneIndexingHandler.initLucene(LuceneIndexingHandler.java:129) Using RAM Lucene storage 
12 Mar 2025 11:02:47,426 INFO com.sismics.docs.core.service.FileService.startUp(FileService.java:39) File service starting up 
12 Mar 2025 11:02:47,433 INFO com.sismics.docs.core.service.InboxService.startUp(InboxService.java:52) Inbox service starting up 
12 Mar 2025 11:02:47,435 INFO com.sismics.docs.core.service.FileSizeService.startUp(FileSizeService.java:30) File size service starting up 
12 Mar 2025 11:02:48,042 INFO com.sismics.docs.core.service.FileSizeService.lambda$runOneIteration$0(FileSizeService.java:50) No more file to process, stopping the service 
12 Mar 2025 11:02:48,045 INFO com.sismics.docs.core.service.FileSizeService.shutDown(FileSizeService.java:35) File size service shutting down 
12 Mar 2025 11:05:08,440 INFO com.sismics.docs.core.service.InboxService.shutDown(InboxService.java:57) Inbox service shutting down 
12 Mar 2025 11:05:08,441 INFO com.sismics.docs.core.service.FileService.shutDown(FileService.java:44) File service shutting down 
26 Mar 2025 10:53:48,557 INFO com.sismics.util.jpa.EMF.getEntityManagerProperties(EMF.java:67) Configuring EntityManager from hibernate.properties 
26 Mar 2025 10:53:51,047 INFO com.sismics.util.jpa.DbOpenHelper.open(DbOpenHelper.java:57) Opening database and executing incremental updates 
26 Mar 2025 10:53:51,055 INFO com.sismics.util.jpa.DbOpenHelper.open(DbOpenHelper.java:106) Found database version 31, new version is 31, executing database incremental update scripts 
26 Mar 2025 10:53:51,056 INFO com.sismics.util.jpa.DbOpenHelper.open(DbOpenHelper.java:108) Database upgrade complete 
26 Mar 2025 10:53:51,057 INFO com.sismics.util.jpa.EMF.getEntityManagerProperties(EMF.java:67) Configuring EntityManager from hibernate.properties 
26 Mar 2025 10:53:59,416 INFO com.sismics.util.ClasspathScanner.findClasses(ClasspathScanner.java:48) Found 1 classes for IndexingHandler 
26 Mar 2025 10:53:59,596 INFO com.sismics.docs.core.util.indexing.LuceneIndexingHandler.initLucene(LuceneIndexingHandler.java:129) Using RAM Lucene storage 
26 Mar 2025 10:53:59,865 INFO com.sismics.docs.core.service.FileService.startUp(FileService.java:39) File service starting up 
26 Mar 2025 10:53:59,880 INFO com.sismics.docs.core.service.InboxService.startUp(InboxService.java:52) Inbox service starting up 
26 Mar 2025 10:53:59,885 INFO com.sismics.docs.core.service.FileSizeService.startUp(FileSizeService.java:30) File size service starting up 
26 Mar 2025 10:54:01,111 INFO com.sismics.docs.core.service.FileSizeService.lambda$runOneIteration$0(FileSizeService.java:50) No more file to process, stopping the service 
26 Mar 2025 10:54:01,115 INFO com.sismics.docs.core.service.FileSizeService.shutDown(FileSizeService.java:35) File size service shutting down 
26 Mar 2025 10:56:15,718 INFO com.sismics.docs.core.service.InboxService.shutDown(InboxService.java:57) Inbox service shutting down 
26 Mar 2025 10:56:15,719 INFO com.sismics.docs.core.service.FileService.shutDown(FileService.java:44) File service shutting down 
